info @storybook/react v6.5.7
info 
info => Cleaning outputDir: C:\Users\JAMEST~1\AppData\Local\Temp\chromatic--26288-Qf6sfxc1aVja
info => Loading presets
info => Copying static files: C:\Projects\taskbox\public at C:\Users\JAMEST~1\AppData\Local\Temp\chromatic--26288-Qf6sfxc1aVja\
info => Compiling manager..
info => Compiling preview..
info Addon-docs: using MDX1
info => Loading Webpack configuration from `node_modules\react-scripts`
info => Removing existing JavaScript and TypeScript rules.
info => Modifying Create React App rules.
info => Using default Webpack5 setup
<s> [webpack.Progress] 0% 

<s> [webpack.Progress] 1% setup before run
<s> [webpack.Progress] 1% setup before run NodeEnvironmentPlugin
<s> [webpack.Progress] 1% setup before run
<s> [webpack.Progress] 2% setup run
<s> [webpack.Progress] 2% setup run ESLintWebpackPlugin_1
<s> [webpack.Progress] 2% setup run
<s> [webpack.Progress] 4% setup normal module factory
<s> [webpack.Progress] 4% setup normal module factory CaseSensitivePathsPlugin
<s> [webpack.Progress] 4% setup normal module factory ModuleNotFoundPlugin
<s> [webpack.Progress] 4% setup normal module factory IgnorePlugin
<s> [webpack.Progress] 4% setup normal module factory
<s> [webpack.Progress] 5% setup context module factory
<s> [webpack.Progress] 5% setup context module factory IgnorePlugin
<s> [webpack.Progress] 5% setup context module factory
<s> [webpack.Progress] 6% setup before compile
<s> [webpack.Progress] 6% setup before compile ProgressPlugin
<s> [webpack.Progress] 6% setup before compile
<s> [webpack.Progress] 7% setup compile
<s> [webpack.Progress] 7% setup compile ExternalsPlugin
<s> [webpack.Progress] 7% setup compile
<s> [webpack.Progress] 8% setup compilation
<s> [webpack.Progress] 8% setup compilation mini-css-extract-plugin
<s> [webpack.Progress] 8% setup compilation ArrayPushCallbackChunkFormatPlugin
<s> [webpack.Progress] 8% setup compilation JsonpChunkLoadingPlugin
<s> [webpack.Progress] 8% setup compilation StartupChunkDependenciesPlugin
<s> [webpack.Progress] 8% setup compilation ImportScriptsChunkLoadingPlugin
<s> [webpack.Progress] 8% setup compilation FetchCompileWasmPlugin
<s> [webpack.Progress] 8% setup compilation FetchCompileAsyncWasmPlugin
<s> [webpack.Progress] 8% setup compilation WorkerPlugin
<s> [webpack.Progress] 8% setup compilation SplitChunksPlugin
<s> [webpack.Progress] 8% setup compilation RuntimeChunkPlugin
<s> [webpack.Progress] 8% setup compilation ResolverCachePlugin
<s> [webpack.Progress] 8% setup compilation HtmlWebpackPlugin
<s> [webpack.Progress] 8% setup compilation
<s> [webpack.Progress] 9% setup compilation
<s> [webpack.Progress] 9% setup compilation DefinePlugin
<s> [webpack.Progress] 9% setup compilation ProvidePlugin
<s> [webpack.Progress] 9% setup compilation ProgressPlugin
<s> [webpack.Progress] 9% setup compilation InlineChunkHtmlPlugin
<s> [webpack.Progress] 9% setup compilation InterpolateHtmlPlugin
<s> [webpack.Progress] 9% setup compilation mini-css-extract-plugin
<s> [webpack.Progress] 9% setup compilation DocGenPlugin
<s> [webpack.Progress] 9% setup compilation ChunkPrefetchPreloadPlugin
<s> [webpack.Progress] 9% setup compilation SourceMapDevToolPlugin
<s> [webpack.Progress] 9% setup compilation JavascriptModulesPlugin
<s> [webpack.Progress] 9% setup compilation JsonModulesPlugin
<s> [webpack.Progress] 9% setup compilation AssetModulesPlugin
<s> [webpack.Progress] 9% setup compilation EntryPlugin
<s> [webpack.Progress] 9% setup compilation EntryPlugin
<s> [webpack.Progress] 9% setup compilation EntryPlugin
<s> [webpack.Progress] 9% setup compilation EntryPlugin
<s> [webpack.Progress] 9% setup compilation EntryPlugin
<s> [webpack.Progress] 9% setup compilation EntryPlugin
<s> [webpack.Progress] 9% setup compilation EntryPlugin
<s> [webpack.Progress] 9% setup compilation EntryPlugin
<s> [webpack.Progress] 9% setup compilation EntryPlugin
<s> [webpack.Progress] 9% setup compilation EntryPlugin
<s> [webpack.Progress] 9% setup compilation EntryPlugin
<s> [webpack.Progress] 9% setup compilation EntryPlugin
<s> [webpack.Progress] 9% setup compilation EntryPlugin
<s> [webpack.Progress] 9% setup compilation EntryPlugin
<s> [webpack.Progress] 9% setup compilation EntryPlugin
<s> [webpack.Progress] 9% setup compilation RuntimePlugin
<s> [webpack.Progress] 9% setup compilation InferAsyncModulesPlugin
<s> [webpack.Progress] 9% setup compilation DataUriPlugin
<s> [webpack.Progress] 9% setup compilation FileUriPlugin
<s> [webpack.Progress] 9% setup compilation CompatibilityPlugin
<s> [webpack.Progress] 9% setup compilation HarmonyModulesPlugin
<s> [webpack.Progress] 9% setup compilation AMDPlugin
<s> [webpack.Progress] 9% setup compilation RequireJsStuffPlugin
<s> [webpack.Progress] 9% setup compilation CommonJsPlugin
<s> [webpack.Progress] 9% setup compilation LoaderPlugin
<s> [webpack.Progress] 9% setup compilation LoaderPlugin
<s> [webpack.Progress] 9% setup compilation NodeStuffPlugin
<s> [webpack.Progress] 9% setup compilation APIPlugin
<s> [webpack.Progress] 9% setup compilation ExportsInfoApiPlugin
<s> [webpack.Progress] 9% setup compilation WebpackIsIncludedPlugin
<s> [webpack.Progress] 9% setup compilation ConstPlugin
<s> [webpack.Progress] 9% setup compilation UseStrictPlugin
<s> [webpack.Progress] 9% setup compilation RequireIncludePlugin
<s> [webpack.Progress] 9% setup compilation RequireEnsurePlugin
<s> [webpack.Progress] 9% setup compilation RequireContextPlugin
<s> [webpack.Progress] 9% setup compilation ImportPlugin
<s> [webpack.Progress] 9% setup compilation RequireContextPlugin
<s> [webpack.Progress] 9% setup compilation SystemPlugin
<s> [webpack.Progress] 9% setup compilation ImportMetaPlugin
<s> [webpack.Progress] 9% setup compilation URLPlugin
<s> [webpack.Progress] 9% setup compilation DefaultStatsFactoryPlugin
<s> [webpack.Progress] 9% setup compilation DefaultStatsPresetPlugin
<s> [webpack.Progress] 9% setup compilation DefaultStatsPrinterPlugin
<s> [webpack.Progress] 9% setup compilation JavascriptMetaInfoPlugin
<s> [webpack.Progress] 9% setup compilation EnsureChunkConditionsPlugin
<s> [webpack.Progress] 9% setup compilation RemoveEmptyChunksPlugin
<s> [webpack.Progress] 9% setup compilation MergeDuplicateChunksPlugin
<s> [webpack.Progress] 9% setup compilation FlagIncludedChunksPlugin
<s> [webpack.Progress] 9% setup compilation SideEffectsFlagPlugin
<s> [webpack.Progress] 9% setup compilation FlagDependencyExportsPlugin
<s> [webpack.Progress] 9% setup compilation FlagDependencyUsagePlugin
<s> [webpack.Progress] 9% setup compilation InnerGraphPlugin
<s> [webpack.Progress] 9% setup compilation MangleExportsPlugin
<s> [webpack.Progress] 9% setup compilation ModuleConcatenationPlugin
<s> [webpack.Progress] 9% setup compilation NoEmitOnErrorsPlugin
<s> [webpack.Progress] 9% setup compilation RealContentHashPlugin
<s> [webpack.Progress] 9% setup compilation WasmFinalizeExportsPlugin
<s> [webpack.Progress] 9% setup compilation NamedModuleIdsPlugin
<s> [webpack.Progress] 9% setup compilation DeterministicChunkIdsPlugin
<s> [webpack.Progress] 9% setup compilation DefinePlugin
<s> [webpack.Progress] 9% setup compilation TerserPlugin
<s> [webpack.Progress] 9% setup compilation TemplatedPathPlugin
<s> [webpack.Progress] 9% setup compilation RecordIdsPlugin
<s> [webpack.Progress] 9% setup compilation WarnCaseSensitiveModulesPlugin
<s> [webpack.Progress] 9% setup compilation IgnoreWarningsPlugin
<s> [webpack.Progress] 9% setup compilation ESLintWebpackPlugin_1
<s> [webpack.Progress] 9% setup compilation
<s> [webpack.Progress] 10% building
<s> [webpack.Progress] 10% building 0/1 entries 0/0 dependencies 0/0 modules
<s> [webpack.Progress] 10% building import loader ./node_modules/babel-loader/lib/index.js
<s> [webpack.Progress] 10% building import loader ./node_modules/source-map-loader/dist/cjs.js
<s> [webpack.Progress] 10% building 0/15 entries 22/36 dependencies 0/21 modules
<s> [webpack.Progress] 10% building import loader ./node_modules/@storybook/mdx1-csf/loader.js
<s> [webpack.Progress] 10% building 0/15 entries 38/69 dependencies 0/35 modules
<s> [webpack.Progress] 10% building import loader ./node_modules/@storybook/source-loader/dist/cjs/index.js
<s> [webpack.Progress] 10% building 0/15 entries 59/81 dependencies 0/46 modules
<s> [webpack.Progress] 10% building import loader ./node_modules/mini-css-extract-plugin/dist/loader.js
<s> [webpack.Progress] 10% building import loader ./node_modules/react-scripts/node_modules/css-loader/dist/cjs.js
<s> [webpack.Progress] 10% building import loader ./node_modules/react-scripts/node_modules/postcss-loader/dist/cjs.js
<s> [webpack.Progress] 10% building 0/15 entries 135/209 dependencies 0/94 modules
<s> [webpack.Progress] 13% building 1/15 entries 231/353 dependencies 7/141 modules
<s> [webpack.Progress] 13% building import loader ./node_modules/@svgr/webpack/lib/index.js
<s> [webpack.Progress] 13% building import loader ./node_modules/file-loader/dist/cjs.js
<s> [webpack.Progress] 13% building 1/15 entries 304/353 dependencies 7/180 modules
<s> [webpack.Progress] 13% building 1/15 entries 331/400 dependencies 7/195 modules
<s> [webpack.Progress] 13% building 1/15 entries 842/1062 dependencies 37/336 modules
<s> [webpack.Progress] 13% building 1/15 entries 1400/1475 dependencies 72/424 modules
<s> [webpack.Progress] 13% building 1/15 entries 1999/2100 dependencies 220/508 modules
<s> [webpack.Progress] 13% building 1/15 entries 2439/2700 dependencies 344/586 modules
<s> [webpack.Progress] 15% building 1/15 entries 3277/3400 dependencies 479/742 modules
<s> [webpack.Progress] 18% building 1/15 entries 4244/4300 dependencies 818/998 modules
<s> [webpack.Progress] 21% building 2/15 entries 4767/4787 dependencies 1004/1126 modules
<s> [webpack.Progress] 21% building 3/15 entries 4767/4787 dependencies 1004/1126 modules
<s> [webpack.Progress] 24% building 4/15 entries 4767/4787 dependencies 1004/1126 modules
<s> [webpack.Progress] 28% building 5/15 entries 4767/4787 dependencies 1004/1126 modules
<s> [webpack.Progress] 32% building 6/15 entries 4767/4787 dependencies 1004/1126 modules
<s> [webpack.Progress] 35% building 7/15 entries 4767/4787 dependencies 1004/1126 modules
<s> [webpack.Progress] 39% building 8/15 entries 4767/4787 dependencies 1004/1126 modules
<s> [webpack.Progress] 43% building 9/15 entries 4767/4787 dependencies 1004/1126 modules
<s> [webpack.Progress] 46% building 10/15 entries 4767/4787 dependencies 1004/1126 modules
<s> [webpack.Progress] 50% building 11/15 entries 4782/4800 dependencies 1034/1132 modules
<s> [webpack.Progress] 54% building 12/15 entries 5063/5067 dependencies 1156/1196 modules
<s> [webpack.Progress] 57% building 13/15 entries 5063/5067 dependencies 1156/1196 modules
<s> [webpack.Progress] 61% building 14/15 entries 5064/5068 dependencies 1181/1196 modules
<s> [webpack.Progress] 65% building 15/15 entries 5074/5074 dependencies 1200/1200 modules
<s> [webpack.Progress] 65% building
<s> [webpack.Progress] 69% building finish
<s> [webpack.Progress] 69% building finish
<s> [webpack.Progress] 70% sealing finish module graph
<s> [webpack.Progress] 70% sealing finish module graph ResolverCachePlugin
<s> [webpack.Progress] 70% sealing finish module graph InferAsyncModulesPlugin
<s> [webpack.Progress] 70% sealing finish module graph FlagDependencyExportsPlugin
<s> [webpack.Progress] 70% sealing finish module graph InnerGraphPlugin
<s> [webpack.Progress] 70% sealing finish module graph WasmFinalizeExportsPlugin
<s> [webpack.Progress] 70% sealing finish module graph ESLintWebpackPlugin_1
<s> [webpack.Progress] 70% sealing finish module graph
<s> [webpack.Progress] 70% sealing plugins
<s> [webpack.Progress] 70% sealing plugins DocGenPlugin
<s> [webpack.Progress] 70% sealing plugins WarnCaseSensitiveModulesPlugin
<s> [webpack.Progress] 70% sealing plugins
<s> [webpack.Progress] 71% sealing dependencies optimization
<s> [webpack.Progress] 71% sealing dependencies optimization SideEffectsFlagPlugin
<s> [webpack.Progress] 71% sealing dependencies optimization FlagDependencyUsagePlugin
<s> [webpack.Progress] 71% sealing dependencies optimization
<s> [webpack.Progress] 71% sealing after dependencies optimization
<s> [webpack.Progress] 71% sealing after dependencies optimization
<s> [webpack.Progress] 72% sealing chunk graph
<s> [webpack.Progress] 72% sealing chunk graph
<s> [webpack.Progress] 73% sealing after chunk graph
<s> [webpack.Progress] 73% sealing after chunk graph
<s> [webpack.Progress] 73% sealing optimizing
<s> [webpack.Progress] 73% sealing optimizing
<s> [webpack.Progress] 74% sealing module optimization
<s> [webpack.Progress] 74% sealing module optimization
<s> [webpack.Progress] 75% sealing after module optimization
<s> [webpack.Progress] 75% sealing after module optimization
<s> [webpack.Progress] 75% sealing chunk optimization
<s> [webpack.Progress] 75% sealing chunk optimization EnsureChunkConditionsPlugin
<s> [webpack.Progress] 75% sealing chunk optimization RemoveEmptyChunksPlugin
<s> [webpack.Progress] 75% sealing chunk optimization MergeDuplicateChunksPlugin
<s> [webpack.Progress] 75% sealing chunk optimization SplitChunksPlugin
<s> [webpack.Progress] 75% sealing chunk optimization RemoveEmptyChunksPlugin
<s> [webpack.Progress] 75% sealing chunk optimization
<s> [webpack.Progress] 76% sealing after chunk optimization
<s> [webpack.Progress] 76% sealing after chunk optimization
<s> [webpack.Progress] 77% sealing module and chunk tree optimization
<s> [webpack.Progress] 77% sealing module and chunk tree optimization PersistentChildCompilerSingletonPlugin
<s> [webpack.Progress] 77% sealing module and chunk tree optimization
<s> [webpack.Progress] 77% sealing after module and chunk tree optimization
<s> [webpack.Progress] 77% sealing after module and chunk tree optimization
<s> [webpack.Progress] 78% sealing chunk modules optimization
<s> [webpack.Progress] 78% sealing chunk modules optimization ModuleConcatenationPlugin
<s> [webpack.Progress] 78% sealing chunk modules optimization
<s> [webpack.Progress] 78% sealing after chunk modules optimization
<s> [webpack.Progress] 78% sealing after chunk modules optimization
<s> [webpack.Progress] 79% sealing module reviving
<s> [webpack.Progress] 79% sealing module reviving RecordIdsPlugin
<s> [webpack.Progress] 79% sealing module reviving
<s> [webpack.Progress] 80% sealing before module ids
<s> [webpack.Progress] 80% sealing before module ids
<s> [webpack.Progress] 80% sealing module ids
<s> [webpack.Progress] 80% sealing module ids NamedModuleIdsPlugin
<s> [webpack.Progress] 80% sealing module ids
<s> [webpack.Progress] 81% sealing module id optimization
<s> [webpack.Progress] 81% sealing module id optimization
<s> [webpack.Progress] 82% sealing module id optimization
<s> [webpack.Progress] 82% sealing module id optimization
<s> [webpack.Progress] 82% sealing chunk reviving
<s> [webpack.Progress] 82% sealing chunk reviving RecordIdsPlugin
<s> [webpack.Progress] 82% sealing chunk reviving
<s> [webpack.Progress] 83% sealing before chunk ids
<s> [webpack.Progress] 83% sealing before chunk ids
<s> [webpack.Progress] 84% sealing chunk ids
<s> [webpack.Progress] 84% sealing chunk ids DeterministicChunkIdsPlugin
<s> [webpack.Progress] 84% sealing chunk ids
<s> [webpack.Progress] 84% sealing chunk id optimization
<s> [webpack.Progress] 84% sealing chunk id optimization FlagIncludedChunksPlugin
<s> [webpack.Progress] 84% sealing chunk id optimization
<s> [webpack.Progress] 85% sealing after chunk id optimization
<s> [webpack.Progress] 85% sealing after chunk id optimization
<s> [webpack.Progress] 86% sealing record modules
<s> [webpack.Progress] 86% sealing record modules RecordIdsPlugin
<s> [webpack.Progress] 86% sealing record modules
<s> [webpack.Progress] 86% sealing record chunks
<s> [webpack.Progress] 86% sealing record chunks RecordIdsPlugin
<s> [webpack.Progress] 86% sealing record chunks
<s> [webpack.Progress] 87% sealing module hashing
<s> [webpack.Progress] 87% sealing module hashing
<s> [webpack.Progress] 87% sealing code generation
<s> [webpack.Progress] 87% sealing code generation
<s> [webpack.Progress] 88% sealing runtime requirements
<s> [webpack.Progress] 88% sealing runtime requirements
<s> [webpack.Progress] 89% sealing hashing
<s> [webpack.Progress] 89% sealing hashing
<s> [webpack.Progress] 89% sealing after hashing
<s> [webpack.Progress] 89% sealing after hashing
<s> [webpack.Progress] 90% sealing record hash
<s> [webpack.Progress] 90% sealing record hash
<s> [webpack.Progress] 91% sealing module assets processing
<s> [webpack.Progress] 91% sealing module assets processing
<s> [webpack.Progress] 91% sealing chunk assets processing
<s> [webpack.Progress] 91% sealing chunk assets processing
<s> [webpack.Progress] 92% sealing asset processing
<s> [webpack.Progress] 92% sealing asset processing ESLintWebpackPlugin_1
<s> [webpack.Progress] 92% sealing asset processing PersistentChildCompilerSingletonPlugin
<s> [webpack.Progress] 92% sealing asset processing TerserPlugin
info => Manager built (16 s)
<s> [webpack.Progress] 92% sealing asset processing SourceMapDevToolPlugin
<s> [webpack.Progress] 92% sealing asset processing SourceMapDevToolPlugin
<s> [webpack.Progress] 92% sealing asset processing SourceMapDevToolPlugin static/css/main.25a1c1c7.css generate SourceMap
<s> [webpack.Progress] 92% sealing asset processing SourceMapDevToolPlugin static/css/main.25a1c1c7.css generated SourceMap
<s> [webpack.Progress] 92% sealing asset processing SourceMapDevToolPlugin main.9103173e.iframe.bundle.js generate SourceMap
<s> [webpack.Progress] 92% sealing asset processing SourceMapDevToolPlugin main.9103173e.iframe.bundle.js generated SourceMap
<s> [webpack.Progress] 92% sealing asset processing SourceMapDevToolPlugin runtime~main.98679cf2.iframe.bundle.js generate SourceMap
<s> [webpack.Progress] 92% sealing asset processing SourceMapDevToolPlugin runtime~main.98679cf2.iframe.bundle.js generated SourceMap
<s> [webpack.Progress] 92% sealing asset processing SourceMapDevToolPlugin 701.0bbcf89f.iframe.bundle.js generate SourceMap
<s> [webpack.Progress] 92% sealing asset processing SourceMapDevToolPlugin 701.0bbcf89f.iframe.bundle.js generated SourceMap
<s> [webpack.Progress] 92% sealing asset processing SourceMapDevToolPlugin 745.4252c9ab.iframe.bundle.js generate SourceMap
<s> [webpack.Progress] 92% sealing asset processing SourceMapDevToolPlugin 745.4252c9ab.iframe.bundle.js generated SourceMap
<s> [webpack.Progress] 92% sealing asset processing SourceMapDevToolPlugin 115.86cf85d6.iframe.bundle.js generate SourceMap
<s> [webpack.Progress] 92% sealing asset processing SourceMapDevToolPlugin 115.86cf85d6.iframe.bundle.js generated SourceMap
<s> [webpack.Progress] 92% sealing asset processing SourceMapDevToolPlugin 54.91236dca.iframe.bundle.js generate SourceMap
<s> [webpack.Progress] 92% sealing asset processing SourceMapDevToolPlugin 54.91236dca.iframe.bundle.js generated SourceMap
<s> [webpack.Progress] 92% sealing asset processing SourceMapDevToolPlugin 675.e930862d.iframe.bundle.js generate SourceMap
<s> [webpack.Progress] 92% sealing asset processing SourceMapDevToolPlugin 675.e930862d.iframe.bundle.js generated SourceMap
<s> [webpack.Progress] 92% sealing asset processing SourceMapDevToolPlugin 551.5200e678.iframe.bundle.js generate SourceMap
<s> [webpack.Progress] 92% sealing asset processing SourceMapDevToolPlugin 551.5200e678.iframe.bundle.js generated SourceMap
<s> [webpack.Progress] 92% sealing asset processing SourceMapDevToolPlugin 528.37c5d145.iframe.bundle.js generate SourceMap
<s> [webpack.Progress] 92% sealing asset processing SourceMapDevToolPlugin 528.37c5d145.iframe.bundle.js generated SourceMap
<s> [webpack.Progress] 92% sealing asset processing SourceMapDevToolPlugin 256.73f6f6e5.iframe.bundle.js generate SourceMap
<s> [webpack.Progress] 92% sealing asset processing SourceMapDevToolPlugin 256.73f6f6e5.iframe.bundle.js generated SourceMap
<s> [webpack.Progress] 92% sealing asset processing SourceMapDevToolPlugin 974.f71974bb.iframe.bundle.js generate SourceMap
<s> [webpack.Progress] 92% sealing asset processing SourceMapDevToolPlugin 974.f71974bb.iframe.bundle.js generated SourceMap
<s> [webpack.Progress] 92% sealing asset processing SourceMapDevToolPlugin 840.3ce420d3.iframe.bundle.js generate SourceMap
<s> [webpack.Progress] 92% sealing asset processing SourceMapDevToolPlugin 840.3ce420d3.iframe.bundle.js generated SourceMap
<s> [webpack.Progress] 92% sealing asset processing SourceMapDevToolPlugin resolve sources
<s> [webpack.Progress] 92% sealing asset processing SourceMapDevToolPlugin static/css/main.25a1c1c7.css attach SourceMap
<s> [webpack.Progress] 92% sealing asset processing SourceMapDevToolPlugin static/css/main.25a1c1c7.css attached SourceMap
<s> [webpack.Progress] 92% sealing asset processing SourceMapDevToolPlugin
<s> [webpack.Progress] 92% sealing asset processing SourceMapDevToolPlugin
<s> [webpack.Progress] 92% sealing asset processing SourceMapDevToolPlugin resolve sources
<s> [webpack.Progress] 92% sealing asset processing SourceMapDevToolPlugin
<s> [webpack.Progress] 92% sealing asset processing HtmlWebpackPlugin
<s> [webpack.Progress] 92% sealing asset processing HtmlWebpackPlugin
<s> [webpack.Progress] 92% sealing asset processing HtmlWebpackPlugin resolve sources
<s> [webpack.Progress] 92% sealing asset processing HtmlWebpackPlugin
<s> [webpack.Progress] 92% sealing asset processing RealContentHashPlugin
<s> [webpack.Progress] 92% sealing asset processing RealContentHashPlugin
<s> [webpack.Progress] 92% sealing asset processing RealContentHashPlugin main.7ec57910.iframe.bundle.js generate SourceMap
<s> [webpack.Progress] 92% sealing asset processing RealContentHashPlugin main.7ec57910.iframe.bundle.js generated SourceMap
<s> [webpack.Progress] 92% sealing asset processing RealContentHashPlugin runtime~main.95d60bc1.iframe.bundle.js generate SourceMap
<s> [webpack.Progress] 92% sealing asset processing RealContentHashPlugin runtime~main.95d60bc1.iframe.bundle.js generated SourceMap
<s> [webpack.Progress] 92% sealing asset processing RealContentHashPlugin 701.c6702869.iframe.bundle.js generate SourceMap
<s> [webpack.Progress] 92% sealing asset processing RealContentHashPlugin 701.c6702869.iframe.bundle.js generated SourceMap
<s> [webpack.Progress] 92% sealing asset processing RealContentHashPlugin 745.610bf163.iframe.bundle.js generate SourceMap
<s> [webpack.Progress] 92% sealing asset processing RealContentHashPlugin 745.610bf163.iframe.bundle.js generated SourceMap
<s> [webpack.Progress] 92% sealing asset processing RealContentHashPlugin 551.7febf940.iframe.bundle.js generate SourceMap
<s> [webpack.Progress] 92% sealing asset processing RealContentHashPlugin 551.7febf940.iframe.bundle.js generated SourceMap
<s> [webpack.Progress] 92% sealing asset processing RealContentHashPlugin 256.8c049942.iframe.bundle.js generate SourceMap
<s> [webpack.Progress] 92% sealing asset processing RealContentHashPlugin 256.8c049942.iframe.bundle.js generated SourceMap
<s> [webpack.Progress] 92% sealing asset processing RealContentHashPlugin 974.706e07b6.iframe.bundle.js generate SourceMap
<s> [webpack.Progress] 92% sealing asset processing RealContentHashPlugin 974.706e07b6.iframe.bundle.js generated SourceMap
<s> [webpack.Progress] 92% sealing asset processing RealContentHashPlugin 115.98641c0c.iframe.bundle.js generate SourceMap
<s> [webpack.Progress] 92% sealing asset processing RealContentHashPlugin 115.98641c0c.iframe.bundle.js generated SourceMap
<s> [webpack.Progress] 92% sealing asset processing RealContentHashPlugin 54.ed3d0763.iframe.bundle.js generate SourceMap
<s> [webpack.Progress] 92% sealing asset processing RealContentHashPlugin 54.ed3d0763.iframe.bundle.js generated SourceMap
<s> [webpack.Progress] 92% sealing asset processing RealContentHashPlugin 675.e7a958f1.iframe.bundle.js generate SourceMap
<s> [webpack.Progress] 92% sealing asset processing RealContentHashPlugin 675.e7a958f1.iframe.bundle.js generated SourceMap
<s> [webpack.Progress] 92% sealing asset processing RealContentHashPlugin 528.3c0840cd.iframe.bundle.js generate SourceMap
<s> [webpack.Progress] 92% sealing asset processing RealContentHashPlugin 528.3c0840cd.iframe.bundle.js generated SourceMap
<s> [webpack.Progress] 92% sealing asset processing RealContentHashPlugin 840.a27035d6.iframe.bundle.js generate SourceMap
<s> [webpack.Progress] 92% sealing asset processing RealContentHashPlugin 840.a27035d6.iframe.bundle.js generated SourceMap
<s> [webpack.Progress] 92% sealing asset processing RealContentHashPlugin resolve sources
<s> [webpack.Progress] 92% sealing asset processing RealContentHashPlugin
<s> [webpack.Progress] 92% sealing asset processing
<s> [webpack.Progress] 93% sealing after asset optimization
<s> [webpack.Progress] 93% sealing after asset optimization
<s> [webpack.Progress] 93% sealing recording
<s> [webpack.Progress] 93% sealing recording
<s> [webpack.Progress] 94% sealing after seal
<s> [webpack.Progress] 94% sealing after seal
<s> [webpack.Progress] 95% emitting emit
<s> [webpack.Progress] 95% emitting emit
<s> [webpack.Progress] 98% emitting after emit
<s> [webpack.Progress] 98% emitting after emit SizeLimitsPlugin
<s> [webpack.Progress] 98% emitting after emit
<s> [webpack.Progress] 99% done plugins
<s> [webpack.Progress] 99% done plugins CaseSensitivePathsPlugin
<s> [webpack.Progress] 99% done plugins
<s> [webpack.Progress] 99% 

<s> [webpack.Progress] 99% cache store build dependencies
<s> [webpack.Progress] 99% cache store build dependencies
<s> [webpack.Progress] 99% cache begin idle
<s> [webpack.Progress] 99% cache begin idle
<s> [webpack.Progress] 100% 

info => Preview built (18 s)
WARN export 'mdx' (imported as 'mdx') was not found in '@mdx-js/react' (possible exports: MDXContext, MDXProvider, useMDXComponents, withMDXComponents)
WARN export 'mdx' (imported as 'mdx') was not found in '@mdx-js/react' (possible exports: MDXContext, MDXProvider, useMDXComponents, withMDXComponents)
WARN export 'mdx' (imported as 'mdx') was not found in '@mdx-js/react' (possible exports: MDXContext, MDXProvider, useMDXComponents, withMDXComponents)
WARN export 'mdx' (imported as 'mdx') was not found in '@mdx-js/react' (possible exports: MDXContext, MDXProvider, useMDXComponents, withMDXComponents)
WARN export 'mdx' (imported as 'mdx') was not found in '@mdx-js/react' (possible exports: MDXContext, MDXProvider, useMDXComponents, withMDXComponents)
WARN export 'mdx' (imported as 'mdx') was not found in '@mdx-js/react' (possible exports: MDXContext, MDXProvider, useMDXComponents, withMDXComponents)
WARN export 'mdx' (imported as 'mdx') was not found in '@mdx-js/react' (possible exports: MDXContext, MDXProvider, useMDXComponents, withMDXComponents)
WARN export 'mdx' (imported as 'mdx') was not found in '@mdx-js/react' (possible exports: MDXContext, MDXProvider, useMDXComponents, withMDXComponents)
WARN export 'mdx' (imported as 'mdx') was not found in '@mdx-js/react' (possible exports: MDXContext, MDXProvider, useMDXComponents, withMDXComponents)
WARN export 'mdx' (imported as 'mdx') was not found in '@mdx-js/react' (possible exports: MDXContext, MDXProvider, useMDXComponents, withMDXComponents)
WARN export 'mdx' (imported as 'mdx') was not found in '@mdx-js/react' (possible exports: MDXContext, MDXProvider, useMDXComponents, withMDXComponents)
WARN export 'mdx' (imported as 'mdx') was not found in '@mdx-js/react' (possible exports: MDXContext, MDXProvider, useMDXComponents, withMDXComponents)
WARN export 'mdx' (imported as 'mdx') was not found in '@mdx-js/react' (possible exports: MDXContext, MDXProvider, useMDXComponents, withMDXComponents)
WARN export 'mdx' (imported as 'mdx') was not found in '@mdx-js/react' (possible exports: MDXContext, MDXProvider, useMDXComponents, withMDXComponents)
WARN export 'mdx' (imported as 'mdx') was not found in '@mdx-js/react' (possible exports: MDXContext, MDXProvider, useMDXComponents, withMDXComponents)
WARN export 'mdx' (imported as 'mdx') was not found in '@mdx-js/react' (possible exports: MDXContext, MDXProvider, useMDXComponents, withMDXComponents)
WARN export 'mdx' (imported as 'mdx') was not found in '@mdx-js/react' (possible exports: MDXContext, MDXProvider, useMDXComponents, withMDXComponents)
WARN export 'mdx' (imported as 'mdx') was not found in '@mdx-js/react' (possible exports: MDXContext, MDXProvider, useMDXComponents, withMDXComponents)
WARN export 'mdx' (imported as 'mdx') was not found in '@mdx-js/react' (possible exports: MDXContext, MDXProvider, useMDXComponents, withMDXComponents)
WARN export 'mdx' (imported as 'mdx') was not found in '@mdx-js/react' (possible exports: MDXContext, MDXProvider, useMDXComponents, withMDXComponents)
WARN export 'mdx' (imported as 'mdx') was not found in '@mdx-js/react' (possible exports: MDXContext, MDXProvider, useMDXComponents, withMDXComponents)
WARN export 'mdx' (imported as 'mdx') was not found in '@mdx-js/react' (possible exports: MDXContext, MDXProvider, useMDXComponents, withMDXComponents)
WARN export 'mdx' (imported as 'mdx') was not found in '@mdx-js/react' (possible exports: MDXContext, MDXProvider, useMDXComponents, withMDXComponents)
WARN export 'mdx' (imported as 'mdx') was not found in '@mdx-js/react' (possible exports: MDXContext, MDXProvider, useMDXComponents, withMDXComponents)
WARN export 'mdx' (imported as 'mdx') was not found in '@mdx-js/react' (possible exports: MDXContext, MDXProvider, useMDXComponents, withMDXComponents)
WARN export 'mdx' (imported as 'mdx') was not found in '@mdx-js/react' (possible exports: MDXContext, MDXProvider, useMDXComponents, withMDXComponents)
WARN export 'mdx' (imported as 'mdx') was not found in '@mdx-js/react' (possible exports: MDXContext, MDXProvider, useMDXComponents, withMDXComponents)
WARN export 'mdx' (imported as 'mdx') was not found in '@mdx-js/react' (possible exports: MDXContext, MDXProvider, useMDXComponents, withMDXComponents)
WARN export 'mdx' (imported as 'mdx') was not found in '@mdx-js/react' (possible exports: MDXContext, MDXProvider, useMDXComponents, withMDXComponents)
WARN export 'mdx' (imported as 'mdx') was not found in '@mdx-js/react' (possible exports: MDXContext, MDXProvider, useMDXComponents, withMDXComponents)
WARN export 'mdx' (imported as 'mdx') was not found in '@mdx-js/react' (possible exports: MDXContext, MDXProvider, useMDXComponents, withMDXComponents)
WARN export 'mdx' (imported as 'mdx') was not found in '@mdx-js/react' (possible exports: MDXContext, MDXProvider, useMDXComponents, withMDXComponents)
WARN export 'mdx' (imported as 'mdx') was not found in '@mdx-js/react' (possible exports: MDXContext, MDXProvider, useMDXComponents, withMDXComponents)
WARN export 'mdx' (imported as 'mdx') was not found in '@mdx-js/react' (possible exports: MDXContext, MDXProvider, useMDXComponents, withMDXComponents)
WARN export 'mdx' (imported as 'mdx') was not found in '@mdx-js/react' (possible exports: MDXContext, MDXProvider, useMDXComponents, withMDXComponents)
WARN export 'mdx' (imported as 'mdx') was not found in '@mdx-js/react' (possible exports: MDXContext, MDXProvider, useMDXComponents, withMDXComponents)
WARN export 'mdx' (imported as 'mdx') was not found in '@mdx-js/react' (possible exports: MDXContext, MDXProvider, useMDXComponents, withMDXComponents)
WARN export 'mdx' (imported as 'mdx') was not found in '@mdx-js/react' (possible exports: MDXContext, MDXProvider, useMDXComponents, withMDXComponents)
WARN export 'mdx' (imported as 'mdx') was not found in '@mdx-js/react' (possible exports: MDXContext, MDXProvider, useMDXComponents, withMDXComponents)
WARN export 'mdx' (imported as 'mdx') was not found in '@mdx-js/react' (possible exports: MDXContext, MDXProvider, useMDXComponents, withMDXComponents)
WARN export 'mdx' (imported as 'mdx') was not found in '@mdx-js/react' (possible exports: MDXContext, MDXProvider, useMDXComponents, withMDXComponents)
WARN export 'mdx' (imported as 'mdx') was not found in '@mdx-js/react' (possible exports: MDXContext, MDXProvider, useMDXComponents, withMDXComponents)
WARN export 'mdx' (imported as 'mdx') was not found in '@mdx-js/react' (possible exports: MDXContext, MDXProvider, useMDXComponents, withMDXComponents)
WARN export 'mdx' (imported as 'mdx') was not found in '@mdx-js/react' (possible exports: MDXContext, MDXProvider, useMDXComponents, withMDXComponents)
WARN export 'mdx' (imported as 'mdx') was not found in '@mdx-js/react' (possible exports: MDXContext, MDXProvider, useMDXComponents, withMDXComponents)
WARN export 'mdx' (imported as 'mdx') was not found in '@mdx-js/react' (possible exports: MDXContext, MDXProvider, useMDXComponents, withMDXComponents)
WARN export 'mdx' (imported as 'mdx') was not found in '@mdx-js/react' (possible exports: MDXContext, MDXProvider, useMDXComponents, withMDXComponents)
WARN export 'mdx' (imported as 'mdx') was not found in '@mdx-js/react' (possible exports: MDXContext, MDXProvider, useMDXComponents, withMDXComponents)
WARN export 'mdx' (imported as 'mdx') was not found in '@mdx-js/react' (possible exports: MDXContext, MDXProvider, useMDXComponents, withMDXComponents)
WARN export 'mdx' (imported as 'mdx') was not found in '@mdx-js/react' (possible exports: MDXContext, MDXProvider, useMDXComponents, withMDXComponents)
WARN export 'mdx' (imported as 'mdx') was not found in '@mdx-js/react' (possible exports: MDXContext, MDXProvider, useMDXComponents, withMDXComponents)
WARN 
WARN src\components\InboxScreen.js
WARN   Line 14:8:  React Hook useEffect has a missing dependency: 'dispatch'. Either include it or remove the dependency array  react-hooks/exhaustive-deps
WARN 
WARN 
WARN asset size limit: The following asset(s) exceed the recommended size limit (244 KiB).
WARN This can impact web performance.
WARN Assets: 
WARN   115.98641c0c.iframe.bundle.js (604 KiB)
WARN   675.e7a958f1.iframe.bundle.js (792 KiB)
WARN   840.a27035d6.iframe.bundle.js (2.23 MiB)
WARN entrypoint size limit: The following entrypoint(s) combined asset size exceeds the recommended limit (244 KiB). This can impact web performance.
WARN Entrypoints:
WARN   main (2.3 MiB)
WARN       runtime~main.95d60bc1.iframe.bundle.js
WARN       840.a27035d6.iframe.bundle.js
WARN       main.7ec57910.iframe.bundle.js
WARN       static/css/main.ebac43f3.css
WARN 
<s> [webpack.Progress] 99% cache shutdown
<s> [webpack.Progress] 99% cache shutdown
<s> [webpack.Progress] 100% 

info => Output directory: C:\Users\JAMEST~1\AppData\Local\Temp\chromatic--26288-Qf6sfxc1aVja
